<?xml version='1.0' encoding='UTF-8'?>
<testsuite hostname="gunmin" name="kuplrg.Spec" tests="40" errors="0" failures="0" skipped="0" time="7.674" timestamp="2024-05-29T23:27:12">
          <properties>
      <property name="java.specification.version" value="21"/><property name="sun.jnu.encoding" value="UTF-8"/><property name="sun.arch.data.model" value="64"/><property name="java.vendor.url" value="https://java.oracle.com/"/><property name="sun.boot.library.path" value="/usr/lib/jvm/jdk-21-oracle-x64/lib"/><property name="sun.java.command" value="/home/gmk/.cache/sbt/boot/sbt-launch/1.9.9/sbt-launch-1.9.9.jar test"/><property name="jdk.debug" value="release"/><property name="java.specification.vendor" value="Oracle Corporation"/><property name="java.version.date" value="2024-01-16"/><property name="java.home" value="/usr/lib/jvm/jdk-21-oracle-x64"/><property name="file.separator" value="/"/><property name="java.vm.compressedOopsMode" value="32-bit"/><property name="line.separator" value="
"/><property name="java.vm.specification.vendor" value="Oracle Corporation"/><property name="java.specification.name" value="Java Platform API Specification"/><property name="sun.management.compiler" value="HotSpot 64-Bit Tiered Compilers"/><property name="java.runtime.version" value="21.0.2+13-LTS-58"/><property name="user.name" value="gmk"/><property name="log4j.ignoreTCL" value="true"/><property name="file.encoding" value="UTF-8"/><property name="jnidispatch.path" value="/home/gmk/.cache/JNA/temp/jna15433897258028022575.tmp"/><property name="jna.loaded" value="true"/><property name="java.io.tmpdir" value="/tmp"/><property name="java.version" value="21.0.2"/><property name="java.vm.specification.name" value="Java Virtual Machine Specification"/><property name="native.encoding" value="UTF-8"/><property name="java.library.path" value="/usr/java/packages/lib:/usr/lib64:/lib64:/lib:/usr/lib"/><property name="stderr.encoding" value="UTF-8"/><property name="java.vendor" value="Oracle Corporation"/><property name="scala.ext.dirs" value="/home/gmk/.sbt/1.0/java9-rt-ext-oracle_corporation_21_0_2"/><property name="sun.io.unicode.encoding" value="UnicodeLittle"/><property name="java.class.path" value="/home/gmk/.cache/sbt/boot/sbt-launch/1.9.9/sbt-launch-1.9.9.jar"/><property name="java.vm.vendor" value="Oracle Corporation"/><property name="jline.shutdownhook" value="false"/><property name="user.timezone" value="Asia/Seoul"/><property name="java.vm.specification.version" value="21"/><property name="os.name" value="Linux"/><property name="sun.java.launcher" value="SUN_STANDARD"/><property name="sun.cpu.endian" value="little"/><property name="user.home" value="/home/gmk"/><property name="user.language" value="en"/><property name="sbt.script" value="/usr/bin/sbt"/><property name="sbt.ipcsocket.tmpdir" value="/run/user/1000/.sbt10d1fe49/ipcsocket"/><property name="swoval.tmpdir" value="/run/user/1000/.sbt10d1fe49/swoval"/><property name="jline.esc.timeout" value="0"/><property name="stdout.encoding" value="UTF-8"/><property name="path.separator" value=":"/><property name="os.version" value="5.15.146.1-microsoft-standard-WSL2"/><property name="jna.nosys" value="true"/><property name="java.runtime.name" value="Java(TM) SE Runtime Environment"/><property name="java.vm.name" value="Java HotSpot(TM) 64-Bit Server VM"/><property name="jna.platform.library.path" value="/usr/lib/x86_64-linux-gnu:/lib/x86_64-linux-gnu:/usr/lib64:/lib64:/usr/lib:/lib:/lib32:/usr/lib/wsl/lib"/><property name="java.vendor.url.bug" value="https://bugreport.java.com/bugreport/"/><property name="user.dir" value="/home/gmk/cose215/equiv-cfg-pda"/><property name="os.arch" value="amd64"/><property name="java.vm.info" value="mixed mode, sharing"/><property name="java.vm.version" value="21.0.2+13-LTS-58"/><property name="java.class.version" value="65.0"/>
    </properties>
          <testcase classname="kuplrg.Spec" name="pdafs2es(pda1).langByEmptyStacks.mustEqual(pda1.langByFinalStates, TRI ... should be terminated normally" time="0.187">
                      
                    </testcase><testcase classname="kuplrg.Spec" name="pdafs2es(pda2).langByEmptyStacks.mustEqual(pda2.langByFinalStates, TRI ... should be terminated normally" time="0.059">
                      
                    </testcase><testcase classname="kuplrg.Spec" name="pdafs2es(pda3).langByEmptyStacks.mustEqual(pda3.langByFinalStates, TRI ... should be terminated normally" time="0.104">
                      
                    </testcase><testcase classname="kuplrg.Spec" name="pdafs2es(pda4).langByEmptyStacks.mustEqual(pda4.langByFinalStates, TRI ... should be terminated normally" time="0.047">
                      
                    </testcase><testcase classname="kuplrg.Spec" name="pdafs2es(pda5).langByEmptyStacks.mustEqual(pda5.langByFinalStates, TRI ... should be terminated normally" time="0.127">
                      
                    </testcase><testcase classname="kuplrg.Spec" name="pdafs2es(pda6).langByEmptyStacks.mustEqual(pda6.langByFinalStates, TRI ... should be terminated normally" time="0.423">
                      
                    </testcase><testcase classname="kuplrg.Spec" name="pdafs2es(pda7).langByEmptyStacks.mustEqual(pda7.langByFinalStates, TRI ... should be terminated normally" time="0.021">
                      
                    </testcase><testcase classname="kuplrg.Spec" name="pdafs2es(pda8).langByEmptyStacks.mustEqual(pda8.langByFinalStates, TRI ... should be terminated normally" time="0.033">
                      
                    </testcase><testcase classname="kuplrg.Spec" name="pdafs2es(pda9).langByEmptyStacks.mustEqual(pda9.langByFinalStates, TRI ... should be terminated normally" time="0.104">
                      
                    </testcase><testcase classname="kuplrg.Spec" name="pdafs2es(pda10).langByEmptyStacks.mustEqual(pda10.langByFinalStates, T ... should be terminated normally" time="0.017">
                      
                    </testcase><testcase classname="kuplrg.Spec" name="pdaes2fs(pda11).langByFinalStates.mustEqual(pda11.langByEmptyStacks, T ... should be terminated normally" time="0.023">
                      
                    </testcase><testcase classname="kuplrg.Spec" name="pdaes2fs(pda12).langByFinalStates.mustEqual(pda12.langByEmptyStacks, T ... should be terminated normally" time="0.021">
                      
                    </testcase><testcase classname="kuplrg.Spec" name="pdaes2fs(pda13).langByFinalStates.mustEqual(pda13.langByEmptyStacks, T ... should be terminated normally" time="0.077">
                      
                    </testcase><testcase classname="kuplrg.Spec" name="pdaes2fs(pda14).langByFinalStates.mustEqual(pda14.langByEmptyStacks, T ... should be terminated normally" time="0.029">
                      
                    </testcase><testcase classname="kuplrg.Spec" name="pdaes2fs(pda15).langByFinalStates.mustEqual(pda15.langByEmptyStacks, T ... should be terminated normally" time="0.17">
                      
                    </testcase><testcase classname="kuplrg.Spec" name="pdaes2fs(pda16).langByFinalStates.mustEqual(pda16.langByEmptyStacks, T ... should be terminated normally" time="0.267">
                      
                    </testcase><testcase classname="kuplrg.Spec" name="pdaes2fs(pda17).langByFinalStates.mustEqual(pda17.langByEmptyStacks, T ... should be terminated normally" time="0.012">
                      
                    </testcase><testcase classname="kuplrg.Spec" name="pdaes2fs(pda18).langByFinalStates.mustEqual(pda18.langByEmptyStacks, T ... should be terminated normally" time="0.018">
                      
                    </testcase><testcase classname="kuplrg.Spec" name="pdaes2fs(pda19).langByFinalStates.mustEqual(pda19.langByEmptyStacks, T ... should be terminated normally" time="0.05">
                      
                    </testcase><testcase classname="kuplrg.Spec" name="pdaes2fs(pda20).langByFinalStates.mustEqual(pda20.langByEmptyStacks, T ... should be terminated normally" time="0.011">
                      
                    </testcase><testcase classname="kuplrg.Spec" name="cfg2pdaes(cfg1).langByEmptyStacks.mustEqual(lang_an, TRIAL) should be terminated normally" time="0.051">
                      
                    </testcase><testcase classname="kuplrg.Spec" name="cfg2pdaes(cfg2).langByEmptyStacks.mustEqual(lang_an_bn, TRIAL) should be terminated normally" time="0.007">
                      
                    </testcase><testcase classname="kuplrg.Spec" name="cfg2pdaes(cfg3).langByEmptyStacks.mustEqual(lang_an_b2n, TRIAL) should be terminated normally" time="0.008">
                      
                    </testcase><testcase classname="kuplrg.Spec" name="cfg2pdaes(cfg4).langByEmptyStacks.mustEqual(lang_w_wR, TRIAL) should be terminated normally" time="0.096">
                      
                    </testcase><testcase classname="kuplrg.Spec" name="cfg2pdaes(cfg5).langByEmptyStacks.mustEqual(lang_na_eq_nb, TRIAL) should be terminated normally" time="0.255">
                      
                    </testcase><testcase classname="kuplrg.Spec" name="cfg2pdaes(cfg6).langByEmptyStacks.mustEqual(lang_a_eq_b_c, TRIAL) should be terminated normally" time="0.722">
                      
                    </testcase><testcase classname="kuplrg.Spec" name="cfg2pdaes(cfg7).langByEmptyStacks.mustEqual(lang_a2n1_b2n1, TRIAL) should be terminated normally" time="0.007">
                      
                    </testcase><testcase classname="kuplrg.Spec" name="cfg2pdaes(cfg8).langByEmptyStacks.mustEqual(lang_a2n_b2n, TRIAL) should be terminated normally" time="0.006">
                      
                    </testcase><testcase classname="kuplrg.Spec" name="cfg2pdaes(cfg9).langByEmptyStacks.mustEqual(lang_bn_am_b2n, TRIAL) should be terminated normally" time="0.026">
                      
                    </testcase><testcase classname="kuplrg.Spec" name="cfg2pdaes(cfg10).langByEmptyStacks.mustEqual(lang_balanced, TRIAL) should be terminated normally" time="0.033">
                      
                    </testcase><testcase classname="kuplrg.Spec" name="pdaes2cfg(pda11).lang.mustEqual(lang_an_bn, TRIAL) should be terminated normally" time="0.201">
                      
                    </testcase><testcase classname="kuplrg.Spec" name="pdaes2cfg(pda12).lang.mustEqual(lang_an_b2n, TRIAL) should be terminated normally" time="0.076">
                      
                    </testcase><testcase classname="kuplrg.Spec" name="pdaes2cfg(pda13).lang.mustEqual(lang_w_wR, TRIAL) should be terminated normally" time="0.306">
                      
                    </testcase><testcase classname="kuplrg.Spec" name="pdaes2cfg(pda14).lang.mustEqual(lang_na_eq_nb, TRIAL) should be terminated normally" time="0.077">
                      
                    </testcase><testcase classname="kuplrg.Spec" name="pdaes2cfg(pda15).lang.mustEqual(lang_na_neq_nb, TRIAL) should be terminated normally" time="0.305">
                      
                    </testcase><testcase classname="kuplrg.Spec" name="pdaes2cfg(pda16).lang.mustEqual(lang_not_w_w, TRIAL) should be terminated normally" time="3.439">
                      
                    </testcase><testcase classname="kuplrg.Spec" name="pdaes2cfg(pda17).lang.mustEqual(lang_a2n1_b2n1, TRIAL) should be terminated normally" time="0.056">
                      
                    </testcase><testcase classname="kuplrg.Spec" name="pdaes2cfg(pda18).lang.mustEqual(lang_a2n_b2n, TRIAL) should be terminated normally" time="0.038">
                      
                    </testcase><testcase classname="kuplrg.Spec" name="pdaes2cfg(pda19).lang.mustEqual(lang_bn_am_b2n, TRIAL) should be terminated normally" time="0.155">
                      
                    </testcase><testcase classname="kuplrg.Spec" name="pdaes2cfg(pda20).lang.mustEqual(lang_balanced, TRIAL) should be terminated normally" time="0.01">
                      
                    </testcase>
          <system-out><![CDATA[]]></system-out>
          <system-err><![CDATA[]]></system-err>
        </testsuite>